nohup: les entrées sont ignorées
/homes/l22letar/EDL/pytorch-cifar/custom_utils.py:5: FutureWarning: You are using `torch.load` with `weights_only=False` (the current default value), which uses the default pickle module implicitly. It is possible to construct malicious pickle data which will execute arbitrary code during unpickling (See https://github.com/pytorch/pytorch/blob/main/SECURITY.md#untrusted-models for more details). In a future release, the default value for `weights_only` will be flipped to `True`. This limits the functions that could be executed during unpickling. Arbitrary objects will no longer be allowed to be loaded via this mode unless they are explicitly allowlisted by the user via `torch.serialization.add_safe_globals`. We recommend you start setting `weights_only=True` for any use case where you don't have full control of the loaded file. Please open an issue on GitHub for any issues related to this experimental feature.
  loaded_cpt = torch.load(path)
==> Preparing data..
Files already downloaded and verified
Files already downloaded and verified

Epoch: 0
Saving.. best_acc : 44.59

Epoch: 1
Saving.. best_acc : 49.56

Epoch: 2
Saving.. best_acc : 52.15

Epoch: 3
Saving.. best_acc : 57.18

Epoch: 4
Saving.. best_acc : 60.49

Epoch: 5
Saving.. best_acc : 61.72

Epoch: 6
Saving.. best_acc : 63.37

Epoch: 7
Saving.. best_acc : 66.62

Epoch: 8

Epoch: 9
Saving.. best_acc : 66.94

Epoch: 10
Saving.. best_acc : 67.25

Epoch: 11
Saving.. best_acc : 68.54

Epoch: 12
Saving.. best_acc : 71.21

Epoch: 13

Epoch: 14
Saving.. best_acc : 71.55

Epoch: 15

Epoch: 16
Saving.. best_acc : 73.12

Epoch: 17
Saving.. best_acc : 73.13

Epoch: 18

Epoch: 19

Epoch: 20
Saving.. best_acc : 75.26

Epoch: 21

Epoch: 22
Saving.. best_acc : 75.93

Epoch: 23

Epoch: 24

Epoch: 25

Epoch: 26
Saving.. best_acc : 76.23

Epoch: 27
Saving.. best_acc : 77.07

Epoch: 28

Epoch: 29

Epoch: 30
Saving.. best_acc : 77.35

Epoch: 31
Saving.. best_acc : 78.99

Epoch: 32

Epoch: 33

Epoch: 34

Epoch: 35
Saving.. best_acc : 79.14

Epoch: 36
Saving.. best_acc : 79.57

Epoch: 37

Epoch: 38

Epoch: 39
Saving.. best_acc : 79.83

Epoch: 40
Saving.. best_acc : 79.93

Epoch: 41

Epoch: 42
Saving.. best_acc : 80.18

Epoch: 43

Epoch: 44

Epoch: 45
Saving.. best_acc : 80.58

Epoch: 46

Epoch: 47

Epoch: 48

Epoch: 49
Saving.. best_acc : 81.54

Epoch: 50
Saving.. best_acc : 82.21

Epoch: 51

Epoch: 52

Epoch: 53

Epoch: 54

Epoch: 55
Saving.. best_acc : 82.63

Epoch: 56

Epoch: 57

Epoch: 58

Epoch: 59

Epoch: 60

Epoch: 61

Epoch: 62

Epoch: 63
Saving.. best_acc : 82.94

Epoch: 64

Epoch: 65

Epoch: 66

Epoch: 67

Epoch: 68

Epoch: 69

Epoch: 70
Saving.. best_acc : 83.68

Epoch: 71

Epoch: 72

Epoch: 73

Epoch: 74

Epoch: 75
Saving.. best_acc : 84.0

Epoch: 76

Epoch: 77
Saving.. best_acc : 84.05

Epoch: 78

Epoch: 79

Epoch: 80

Epoch: 81
Saving.. best_acc : 84.47

Epoch: 82

Epoch: 83

Epoch: 84
Saving.. best_acc : 84.7

Epoch: 85

Epoch: 86

Epoch: 87

Epoch: 88

Epoch: 89

Epoch: 90
Saving.. best_acc : 84.88

Epoch: 91
Saving.. best_acc : 84.93

Epoch: 92
Saving.. best_acc : 85.54

Epoch: 93

Epoch: 94

Epoch: 95

Epoch: 96

Epoch: 97

Epoch: 98

Epoch: 99

Epoch: 100
Saving.. best_acc : 85.74

Epoch: 101

Epoch: 102

Epoch: 103

Epoch: 104

Epoch: 105

Epoch: 106

Epoch: 107

Epoch: 108
Saving.. best_acc : 86.07

Epoch: 109

Epoch: 110

Epoch: 111

Epoch: 112

Epoch: 113

Epoch: 114
Saving.. best_acc : 86.79

Epoch: 115

Epoch: 116

Epoch: 117
Saving.. best_acc : 86.93

Epoch: 118

Epoch: 119

Epoch: 120
Saving.. best_acc : 86.96

Epoch: 121

Epoch: 122

Epoch: 123

Epoch: 124

Epoch: 125
Saving.. best_acc : 87.34

Epoch: 126

Epoch: 127

Epoch: 128

Epoch: 129

Epoch: 130

Epoch: 131

Epoch: 132

Epoch: 133

Epoch: 134

Epoch: 135
Saving.. best_acc : 87.37

Epoch: 136

Epoch: 137
Saving.. best_acc : 87.4

Epoch: 138

Epoch: 139
Saving.. best_acc : 87.53

Epoch: 140

Epoch: 141
Saving.. best_acc : 87.84

Epoch: 142

Epoch: 143

Epoch: 144

Epoch: 145

Epoch: 146

Epoch: 147

Epoch: 148
Saving.. best_acc : 87.89

Epoch: 149

Epoch: 150

Epoch: 151

Epoch: 152
Saving.. best_acc : 88.04

Epoch: 153

Epoch: 154
Saving.. best_acc : 88.3

Epoch: 155

Epoch: 156

Epoch: 157

Epoch: 158

Epoch: 159

Epoch: 160

Epoch: 161

Epoch: 162

Epoch: 163

Epoch: 164
Saving.. best_acc : 88.38

Epoch: 165

Epoch: 166

Epoch: 167
Saving.. best_acc : 88.51

Epoch: 168

Epoch: 169
Saving.. best_acc : 88.68

Epoch: 170
Saving.. best_acc : 88.76

Epoch: 171

Epoch: 172
Saving.. best_acc : 88.78

Epoch: 173

Epoch: 174

Epoch: 175
Saving.. best_acc : 88.82

Epoch: 176

Epoch: 177

Epoch: 178

Epoch: 179

Epoch: 180

Epoch: 181

Epoch: 182
Saving.. best_acc : 88.97

Epoch: 183

Epoch: 184

Epoch: 185

Epoch: 186

Epoch: 187

Epoch: 188

Epoch: 189

Epoch: 190

Epoch: 191
Saving.. best_acc : 89.0

Epoch: 192

Epoch: 193
Saving.. best_acc : 89.06

Epoch: 194

Epoch: 195

Epoch: 196

Epoch: 197

Epoch: 198

Epoch: 199
